/*C4*/SET SCHEMA PUBLIC
CONNECT USER SA
DISCONNECT
/*C5*/SET SCHEMA PUBLIC
CONNECT USER SA
SET AUTOCOMMIT FALSE
DELETE FROM SEQUENCE_VALUE_ITEM WHERE SEQ_NAME='PluginVersion'
INSERT INTO SEQUENCE_VALUE_ITEM VALUES('PluginVersion',10110)
COMMIT
SET AUTOCOMMIT TRUE
INSERT INTO PLUGINVERSION VALUES(10100,'jira-report-plugin-1.0.jar','jira-report-plugin-1.0.jar','0.0','2011-03-08 09:08:30.581000000')
/*C6*/SET SCHEMA PUBLIC
CONNECT USER SA
DELETE FROM PLUGINVERSION WHERE ID=10080
DELETE FROM PROPERTYSTRING WHERE ID=11360
DELETE FROM PROPERTYENTRY WHERE ID=11360
/*C5*/DELETE FROM SERVICECONFIG WHERE ID=11310
SET AUTOCOMMIT FALSE
DELETE FROM SEQUENCE_VALUE_ITEM WHERE SEQ_NAME='ServiceConfig'
INSERT INTO SEQUENCE_VALUE_ITEM VALUES('ServiceConfig',11330)
COMMIT
SET AUTOCOMMIT TRUE
INSERT INTO SERVICECONFIG VALUES(11320,28800000,'com.atlassian.sal.jira.scheduling.JiraPluginSchedulerService','Service Provider Token Remover')
SET AUTOCOMMIT FALSE
DELETE FROM SEQUENCE_VALUE_ITEM WHERE SEQ_NAME='OSPropertyEntry'
INSERT INTO SEQUENCE_VALUE_ITEM VALUES('OSPropertyEntry',11380)
COMMIT
SET AUTOCOMMIT TRUE
SET AUTOCOMMIT FALSE
INSERT INTO PROPERTYENTRY VALUES(11370,'ServiceConfig',11320,'pluginJobName',5)
INSERT INTO PROPERTYSTRING VALUES(11370,'Service Provider Token Remover')
COMMIT
SET AUTOCOMMIT TRUE
DELETE FROM SERVICECONFIG WHERE ID=11320
INSERT INTO SERVICECONFIG VALUES(11320,28800000,'com.atlassian.sal.jira.scheduling.JiraPluginSchedulerService','Service Provider Token Remover')
/*C6*/SET AUTOCOMMIT FALSE
SET AUTOCOMMIT TRUE
SET AUTOCOMMIT FALSE
DELETE FROM PROPERTYSTRING WHERE ID=10056
INSERT INTO PROPERTYSTRING VALUES(10056,'1299571787675')
COMMIT
SET AUTOCOMMIT TRUE
SET AUTOCOMMIT FALSE
DELETE FROM PROPERTYSTRING WHERE ID=10071
INSERT INTO PROPERTYSTRING VALUES(10071,'1299500518411')
COMMIT
SET AUTOCOMMIT TRUE
SET AUTOCOMMIT FALSE
DELETE FROM PROPERTYSTRING WHERE ID=10057
INSERT INTO PROPERTYSTRING VALUES(10057,'89')
COMMIT
SET AUTOCOMMIT TRUE
/*C7*/SET SCHEMA PUBLIC
CONNECT USER SA
/*C8*/SET SCHEMA PUBLIC
CONNECT USER SA
/*C9*/SET SCHEMA PUBLIC
CONNECT USER SA
/*C6*/DELETE FROM USERHISTORYITEM WHERE ID=10000
INSERT INTO USERHISTORYITEM VALUES(10000,'Project','10000','admin',1299571803753,NULL)
